14:32:55 **** Incremental Build of configuration Debug for project azwan_test_IO ****
make 
APP_NAME = azwan_test_IO
SOC = quark_se
TARGET = x86
APP_DIR = .
BUILD = debug
CSTD = c99
VERSION = '1.3.1'
make -C ./bsp/drivers SOC=quark_se TARGET=x86 BUILD=debug V=0 CSTD=c99 ITA_NO_ASSERT=0
BUILD = debug
CSTD = c99
VERSION = '1.3.1'
make[1]: Entering directory `C:/IntelSWTools/ISSM_2016.2.094/workspace2/azwan_test_IO/bsp/drivers'
make[1]: Leaving directory `C:/IntelSWTools/ISSM_2016.2.094/workspace2/azwan_test_IO/bsp/drivers'
"CC debug/quark_se/x86/obj/./led.o" 
led.c:4:30: fatal error: qm_pin_functions.h: No such file or directory
compilation terminated.
make: *** [debug/quark_se/x86/obj/./led.o] Error 1

14:32:56 Build Finished (took 561ms)

